<?xml version="1.0" encoding="UTF-8"?>
<!-- Generated by org.testng.reporters.JUnitReportReporter -->
<testsuite hostname="DESKTOP-VHL1ESI" failures="0" tests="1" name="Programs.Alerts" time="8.563" errors="0" timestamp="2023-09-12T14:41:46 IST" skipped="0">
  <testcase classname="Programs.Alerts" name="clickbutton" time="8.563"/>
</testsuite> <!-- Programs.Alerts -->
