<?xml version="1.0" encoding="UTF-8"?>
<!-- Generated by org.testng.reporters.JUnitReportReporter -->
<testsuite hostname="DESKTOP-VHL1ESI" failures="0" tests="1" name="Programs.Print_Screen" time="13.780" errors="0" timestamp="2023-09-04T11:54:36 IST" skipped="0">
  <testcase classname="Programs.Print_Screen" name="screenshot" time="13.780"/>
</testsuite> <!-- Programs.Print_Screen -->
