<?xml version="1.0" encoding="UTF-8"?>
<!-- Generated by org.testng.reporters.JUnitReportReporter -->
<testsuite hostname="DESKTOP-VHL1ESI" failures="0" tests="1" name="Programs.ValidateOptions" time="1.561" errors="0" timestamp="2023-09-03T17:02:32 IST" skipped="0">
  <testcase classname="Programs.ValidateOptions" name="valid" time="1.561"/>
</testsuite> <!-- Programs.ValidateOptions -->
