<?xml version="1.0" encoding="UTF-8"?>
<!-- Generated by org.testng.reporters.JUnitReportReporter -->
<testsuite hostname="DESKTOP-VHL1ESI" failures="0" tests="1" name="PageObjectModel.TestExecute" time="6.558" errors="0" timestamp="2023-09-12T14:47:42 IST" skipped="0">
  <testcase classname="PageObjectModel.TestExecute" name="Verify" time="6.558"/>
</testsuite> <!-- PageObjectModel.TestExecute -->
