<?xml version="1.0" encoding="UTF-8"?>
<!-- Generated by org.testng.reporters.JUnitReportReporter -->
<testsuite hostname="DESKTOP-VHL1ESI" failures="0" tests="1" name="Programs.Facebook" time="0.067" errors="0" timestamp="2023-08-31T09:47:05 IST" skipped="0">
  <testcase classname="Programs.Facebook" name="f" time="0.067"/>
</testsuite> <!-- Programs.Facebook -->
