<?xml version="1.0" encoding="UTF-8"?>
<!-- Generated by org.testng.reporters.JUnitReportReporter -->
<testsuite hostname="DESKTOP-VHL1ESI" failures="0" tests="1" name="Programs.First_Selected_Option" time="3.855" errors="0" timestamp="2023-09-01T19:12:30 IST" skipped="0">
  <testcase classname="Programs.First_Selected_Option" name="f" time="3.855"/>
</testsuite> <!-- Programs.First_Selected_Option -->
