<?xml version="1.0" encoding="UTF-8"?>
<!-- Generated by org.testng.reporters.JUnitReportReporter -->
<testsuite hostname="DESKTOP-VHL1ESI" failures="0" tests="1" name="Programs.Frames" time="4.694" errors="0" timestamp="2023-09-12T15:32:10 IST" skipped="0">
  <testcase classname="Programs.Frames" name="clickable" time="4.694"/>
</testsuite> <!-- Programs.Frames -->
