<?xml version="1.0" encoding="UTF-8"?>
<!-- Generated by org.testng.reporters.JUnitReportReporter -->
<testsuite hostname="DESKTOP-VHL1ESI" failures="0" tests="1" name="Programs.Boolean_Roundtrip" time="3.219" errors="0" timestamp="2023-09-03T17:20:05 IST" skipped="0">
  <testcase classname="Programs.Boolean_Roundtrip" name="validation" time="3.219"/>
</testsuite> <!-- Programs.Boolean_Roundtrip -->
