<?xml version="1.0" encoding="UTF-8"?>
<!-- Generated by org.testng.reporters.JUnitReportReporter -->
<testsuite hostname="DESKTOP-VHL1ESI" failures="0" tests="1" name="Programs.Assert_Veify" time="12.293" errors="0" timestamp="2023-09-05T13:23:17 IST" skipped="0">
  <testcase classname="Programs.Assert_Veify" name="fun" time="12.293"/>
</testsuite> <!-- Programs.Assert_Veify -->
