<?xml version="1.0" encoding="UTF-8"?>
<!-- Generated by org.testng.reporters.JUnitReportReporter -->
<testsuite hostname="DESKTOP-VHL1ESI" failures="0" tests="1" name="Programs.MouseOver_Acton" time="16.471" errors="0" timestamp="2023-09-12T14:41:46 IST" skipped="0">
  <testcase classname="Programs.MouseOver_Acton" name="mouse" time="16.471"/>
</testsuite> <!-- Programs.MouseOver_Acton -->
