<?xml version="1.0" encoding="UTF-8"?>
<!-- Generated by org.testng.reporters.JUnitReportReporter -->
<testsuite hostname="DESKTOP-VHL1ESI" failures="0" tests="1" name="Programs.Pop_Up_Window" time="10.737" errors="0" timestamp="2023-09-01T18:37:24 IST" skipped="0">
  <testcase classname="Programs.Pop_Up_Window" name="windowp" time="10.737"/>
</testsuite> <!-- Programs.Pop_Up_Window -->
