<?xml version="1.0" encoding="UTF-8"?>
<!-- Generated by org.testng.reporters.JUnitReportReporter -->
<testsuite hostname="DESKTOP-VHL1ESI" failures="0" tests="1" name="Programs.Arrays" time="337.695" errors="0" timestamp="2023-09-12T14:56:25 IST" skipped="0">
  <testcase classname="Programs.Arrays" name="f" time="337.695"/>
</testsuite> <!-- Programs.Arrays -->
