<?xml version="1.0" encoding="UTF-8"?>
<!-- Generated by org.testng.reporters.JUnitReportReporter -->
<testsuite hostname="DESKTOP-VHL1ESI" failures="0" tests="3" name="Programs.Information_Commands" time="0.583" errors="0" timestamp="2023-09-01T15:54:09 IST" skipped="0">
  <testcase classname="Programs.Information_Commands" name="gmail" time="0.197"/>
  <testcase classname="Programs.Information_Commands" name="google" time="0.334"/>
  <testcase classname="Programs.Information_Commands" name="search" time="0.052"/>
</testsuite> <!-- Programs.Information_Commands -->
